----------Start!----------
W/L :: ( 0 / 0 )
--------New Round--------
 923 bits bet at 1.11 x
Game [Busted] at 6.93x
Betting Reset
You win 101 bits
---Stats---
W/L :: ( 1 / 0 )
--------New Round--------
 923 bits bet at 1.11 x
Game [Busted] at 1.5x
You win 101 bits
---Stats---
W/L :: ( 2 / 0 )
Current win streak is 2
--------New Round--------
 941 bits bet at 1.13 x
Game [Busted] at 1.49x
You win 122 bits
---Stats---
W/L :: ( 3 / 0 )
Current win streak is 3
--------New Round--------
 960 bits bet at 1.15 x
Game [Busted] at 2.42x
You win 144 bits
---Stats---
W/L :: ( 4 / 0 )
Current win streak is 4
--------New Round--------
 979 bits bet at 1.18 x
Game [Busted] at 7.8x
You win 176 bits
---Stats---
W/L :: ( 5 / 0 )
Current win streak is 5
--------New Round--------
 999 bits bet at 1.2 x
Game [Busted] at 1.79x
You win 199 bits
---Stats---
W/L :: ( 6 / 0 )
Current win streak is 6
--------New Round--------
 1019 bits bet at 1.23 x
Game [Busted] at 9.13x
Seven win streak
Betting Reset
You win 234 bits
---Stats---
W/L :: ( 7 / 0 )
Current win streak is 7
--------New Round--------
 923 bits bet at 1.11 x
Game [Busted] at 3.5x
You win 101 bits
---Stats---
W/L :: ( 8 / 0 )
Current win streak is 8
--------New Round--------
 941 bits bet at 1.13 x
Game [Busted] at 2.7x
You win 122 bits
---Stats---
W/L :: ( 9 / 0 )
Current win streak is 9
--------New Round--------
 960 bits bet at 1.15 x
Game [Busted] at 11.63x
You win 144 bits
---Stats---
W/L :: ( 10 / 0 )
Current win streak is 10
--------New Round--------
 979 bits bet at 1.18 x
Game [Busted] at 1.79x
You win 176 bits
---Stats---
W/L :: ( 11 / 0 )
Current win streak is 11
--------New Round--------
 999 bits bet at 1.2 x
Game [Busted] at 3.38x
You win 199 bits
---Stats---
W/L :: ( 12 / 0 )
Current win streak is 12
--------New Round--------
 1019 bits bet at 1.23 x
Game [Busted] at 1.41x
You win 234 bits
---Stats---
W/L :: ( 13 / 0 )
Current win streak is 13
--------New Round--------
 1039 bits bet at 1.25 x
Game [Busted] at 3.5x
Seven win streak
Betting Reset
You win 259 bits
---Stats---
W/L :: ( 14 / 0 )
Current win streak is 14
--------New Round--------
 923 bits bet at 1.11 x
Game [Busted] at 1.21x
You win 101 bits
---Stats---
W/L :: ( 15 / 0 )
Current win streak is 15
--------New Round--------
 941 bits bet at 1.13 x
Game [Busted] at 1.61x
You win 122 bits
---Stats---
W/L :: ( 16 / 0 )
Current win streak is 16
--------New Round--------
 960 bits bet at 1.15 x
Game [Busted] at 1.56x
You win 144 bits
---Stats---
W/L :: ( 17 / 0 )
Current win streak is 17
--------New Round--------
 979 bits bet at 1.18 x
Game [Busted] at 0x
You lose
---Stats---
W/L :: ( 17 / 1 )
--------New Round--------
 1155 bits bet at 1.99 x
Game [Busted] at 1.98x
Betting Reset
You win 1143 bits
---Stats---
W/L :: ( 18 / 1 )
--------New Round--------
 923 bits bet at 1.11 x
Game [Busted] at 2.19x
You win 101 bits
---Stats---
W/L :: ( 19 / 1 )
Current win streak is 2
--------New Round--------
 941 bits bet at 1.13 x
Game [Busted] at 3.5x
You win 122 bits
---Stats---
W/L :: ( 20 / 1 )
Current win streak is 3
--------New Round--------
 960 bits bet at 1.15 x
Game [Busted] at 1.83x
You win 144 bits
---Stats---
W/L :: ( 21 / 1 )
Current win streak is 4
--------New Round--------
 979 bits bet at 1.18 x
Game [Busted] at 1.24x
You win 176 bits
---Stats---
W/L :: ( 22 / 1 )
Current win streak is 5
--------New Round--------
 999 bits bet at 1.2 x
Game [Busted] at 1.75x
You win 199 bits
---Stats---
W/L :: ( 23 / 1 )
Current win streak is 6
--------New Round--------
 1019 bits bet at 1.23 x
Game [Busted] at 1.92x
Seven win streak
Betting Reset
You win 234 bits
---Stats---
W/L :: ( 24 / 1 )
Current win streak is 7
--------New Round--------
 923 bits bet at 1.11 x
Game [Busted] at 2.08x
You win 101 bits
---Stats---
W/L :: ( 25 / 1 )
Current win streak is 8
--------New Round--------
 941 bits bet at 1.13 x
Game [Busted] at 1.03x
You lose
---Stats---
W/L :: ( 25 / 2 )
--------New Round--------
 1110 bits bet at 1.98 x
Game [Busted] at 1.34x
You lose
---Stats---
W/L :: ( 25 / 3 )
Current loss streak is 2
--------New Round--------
 1310 bits bet at 2.7 x
Game [Busted] at 3.21x
Betting Reset
You win 2227 bits
---Stats---
W/L :: ( 26 / 3 )
--------New Round--------
 923 bits bet at 1.11 x
Game [Busted] at 8.29x
You win 101 bits
---Stats---
W/L :: ( 27 / 3 )
Current win streak is 2
--------New Round--------
 941 bits bet at 1.13 x
Game [Busted] at 2.25x
You win 122 bits
---Stats---
W/L :: ( 28 / 3 )
Current win streak is 3
--------New Round--------
 960 bits bet at 1.15 x
Game [Busted] at 1.22x
You win 144 bits
---Stats---
W/L :: ( 29 / 3 )
Current win streak is 4
--------New Round--------
 979 bits bet at 1.18 x
Game [Busted] at 1.08x
You lose
---Stats---
W/L :: ( 29 / 4 )
--------New Round--------
 1155 bits bet at 1.98 x
Game [Busted] at 4.62x
Betting Reset
You win 1131 bits
---Stats---
W/L :: ( 30 / 4 )
--------New Round--------
 923 bits bet at 1.11 x
Game [Busted] at 1.89x
You win 101 bits
---Stats---
W/L :: ( 31 / 4 )
Current win streak is 2
--------New Round--------
 941 bits bet at 1.13 x
Game [Busted] at 3.68x
You win 122 bits
---Stats---
W/L :: ( 32 / 4 )
Current win streak is 3
--------New Round--------
 960 bits bet at 1.15 x
Game [Busted] at 1.91x
You win 144 bits
---Stats---
W/L :: ( 33 / 4 )
Current win streak is 4
--------New Round--------
 979 bits bet at 1.18 x
Game [Busted] at 1.06x
You lose
---Stats---
W/L :: ( 33 / 5 )
--------New Round--------
 1155 bits bet at 1.98 x
Game [Busted] at 4.01x
Betting Reset
You win 1131 bits
---Stats---
W/L :: ( 34 / 5 )
--------New Round--------
 923 bits bet at 1.11 x
Game [Busted] at 1.53x
You win 101 bits
---Stats---
W/L :: ( 35 / 5 )
Current win streak is 2
--------New Round--------
 941 bits bet at 1.13 x
Game [Busted] at 1.49x
You win 122 bits
---Stats---
W/L :: ( 36 / 5 )
Current win streak is 3
--------New Round--------
 960 bits bet at 1.15 x
Game [Busted] at 1.01x
You lose
---Stats---
W/L :: ( 36 / 6 )
--------New Round--------
 1133 bits bet at 1.98 x
Game [Busted] at 1.32x
You lose
---Stats---
W/L :: ( 36 / 7 )
Current loss streak is 2
--------New Round--------
 1337 bits bet at 2.7 x
Game [Busted] at 1.79x
You lose
---Stats---
W/L :: ( 36 / 8 )
Current loss streak is 3
--------New Round--------
 1577 bits bet at 3.31 x
Game [Busted] at 1.03x
You lose
---Stats---
W/L :: ( 36 / 9 )
Current loss streak is 4
--------New Round--------
Cooling off. No bets this round.
Game [Busted] at 1.32x
---Stats---
W/L :: ( 36 / 9 )
Current loss streak is 4
--------New Round--------
 1861 bits bet at 3.82 x
Game [Busted] at 1.31x
You lose
---Stats---
W/L :: ( 36 / 10 )
Current loss streak is 5
--------New Round--------
Cooling off. No bets this round.
Game [Busted] at 2.89x
---Stats---
W/L :: ( 36 / 10 )
Current loss streak is 5
--------New Round--------
 2196 bits bet at 4.25 x
Game [Busted] at 2.21x
You lose
---Stats---
W/L :: ( 36 / 11 )
Current loss streak is 6
--------New Round--------
Cooling off. No bets this round.
Game [Busted] at 22.73x
---Stats---
W/L :: ( 36 / 11 )
Current loss streak is 6
--------New Round--------
 2592 bits bet at 4.62 x
Game [Busted] at 2.36x
You lose
---Stats---
W/L :: ( 36 / 12 )
Current loss streak is 7
--------New Round--------
 3058 bits bet at 4.93 x
Game [Busted] at 1.15x
You lose
---Stats---
W/L :: ( 36 / 13 )
Current loss streak is 8
--------New Round--------
 3609 bits bet at 5.2 x
Game [Busted] at 2.96x
You lose
---Stats---
W/L :: ( 36 / 14 )
Current loss streak is 9
--------New Round--------
 4259 bits bet at 5.42 x
Game [Busted] at 5.38x
You lose
---Stats---
W/L :: ( 36 / 15 )
Current loss streak is 10
--------New Round--------
 5025 bits bet at 5.62 x
Game [Busted] at 1.64x
You lose
---Stats---
W/L :: ( 36 / 16 )
Current loss streak is 11
--------New Round--------
 5930 bits bet at 5.78 x
Game [Busted] at 1.08x
You lose
---Stats---
W/L :: ( 36 / 17 )
Current loss streak is 12
--------New Round--------
 6998 bits bet at 5.91 x
Game [Busted] at 1.45x
You lose
---Stats---
W/L :: ( 36 / 18 )
Current loss streak is 13
--------New Round--------
 8257 bits bet at 6.03 x
Game [Busted] at 17.52x
Betting Reset
You win 41532 bits
---Stats---
W/L :: ( 37 / 18 )
--------New Round--------
 923 bits bet at 1.11 x
Game [Busted] at 11.71x
You win 101 bits
---Stats---
W/L :: ( 38 / 18 )
Current win streak is 2
--------New Round--------
 941 bits bet at 1.13 x
Game [Busted] at 1.91x
You win 122 bits
---Stats---
W/L :: ( 39 / 18 )
Current win streak is 3
--------New Round--------
 960 bits bet at 1.15 x
Game [Busted] at 1.53x
You win 144 bits
---Stats---
W/L :: ( 40 / 18 )
Current win streak is 4
--------New Round--------
 979 bits bet at 1.18 x
Game [Busted] at 1.14x
You lose
---Stats---
W/L :: ( 40 / 19 )
--------New Round--------
 1155 bits bet at 1.98 x
Game [Busted] at 1.54x
You lose
---Stats---
W/L :: ( 40 / 20 )
Current loss streak is 2
--------New Round--------
 1363 bits bet at 2.7 x
Game [Busted] at 2.16x
You lose
---Stats---
W/L :: ( 40 / 21 )
Current loss streak is 3
--------New Round--------
 1609 bits bet at 3.3 x
Game [Busted] at 2.15x
You lose
---Stats---
W/L :: ( 40 / 22 )
Current loss streak is 4
--------New Round--------
Cooling off. No bets this round.
Game [Busted] at 2.62x
---Stats---
W/L :: ( 40 / 22 )
Current loss streak is 4
--------New Round--------
 1899 bits bet at 3.81 x
Game [Busted] at 1.44x
You lose
---Stats---
W/L :: ( 40 / 23 )
Current loss streak is 5
--------New Round--------
Cooling off. No bets this round.
Game [Busted] at 10.73x
---Stats---
W/L :: ( 40 / 23 )
Current loss streak is 5
--------New Round--------
 2240 bits bet at 4.25 x
Game [Busted] at 1.65x
You lose
---Stats---
W/L :: ( 40 / 24 )
Current loss streak is 6
--------New Round--------
Cooling off. No bets this round.
Game [Busted] at 9.48x
---Stats---
W/L :: ( 40 / 24 )
Current loss streak is 6
--------New Round--------
 2644 bits bet at 4.62 x
Game [Busted] at 1.27x
You lose
---Stats---
W/L :: ( 40 / 25 )
Current loss streak is 7
--------New Round--------
 3120 bits bet at 4.93 x
Game [Busted] at 1.7x
You lose
---Stats---
W/L :: ( 40 / 26 )
Current loss streak is 8
--------New Round--------
 3681 bits bet at 5.2 x
Game [Busted] at 1.23x
You lose
---Stats---
W/L :: ( 40 / 27 )
Current loss streak is 9
--------New Round--------
 4344 bits bet at 5.43 x
Game [Busted] at 1.06x
You lose
---Stats---
W/L :: ( 40 / 28 )
Current loss streak is 10
--------New Round--------
 5126 bits bet at 5.61 x
Game [Busted] at 3.73x
You lose
---Stats---
W/L :: ( 40 / 29 )
Current loss streak is 11
--------New Round--------
 6049 bits bet at 5.78 x
Game [Busted] at 1.28x
You lose
---Stats---
W/L :: ( 40 / 30 )
Current loss streak is 12
--------New Round--------
 7138 bits bet at 5.92 x
Game [Busted] at 14.49x
Betting Reset
You win 35118 bits
---Stats---
W/L :: ( 41 / 30 )
--------New Round--------
 923 bits bet at 1.11 x
Game [Busted] at 2.9x
You win 101 bits
---Stats---
W/L :: ( 42 / 30 )
Current win streak is 2
--------New Round--------
 941 bits bet at 1.13 x
Game [Busted] at 1.19x
You win 122 bits
---Stats---
W/L :: ( 43 / 30 )
Current win streak is 3
--------New Round--------
 960 bits bet at 1.15 x
Game [Busted] at 1.55x
You win 144 bits
---Stats---
W/L :: ( 44 / 30 )
Current win streak is 4
--------New Round--------
 979 bits bet at 1.18 x
Game [Busted] at 1.5x
You win 176 bits
---Stats---
W/L :: ( 45 / 30 )
Current win streak is 5
--------New Round--------
 999 bits bet at 1.2 x
Game [Busted] at 2.95x
You win 199 bits
---Stats---
W/L :: ( 46 / 30 )
Current win streak is 6
--------New Round--------
 1019 bits bet at 1.23 x
Game [Busted] at 1.21x
You lose
---Stats---
W/L :: ( 46 / 31 )
--------New Round--------
 1202 bits bet at 1.99 x
Game [Busted] at 2.03x
Betting Reset
You win 1189 bits
---Stats---
W/L :: ( 47 / 31 )
--------New Round--------
 923 bits bet at 1.11 x
Game [Busted] at 1.51x
You win 101 bits
---Stats---
W/L :: ( 48 / 31 )
Current win streak is 2
--------New Round--------
 941 bits bet at 1.13 x
Game [Busted] at 22.54x
You win 122 bits
---Stats---
W/L :: ( 49 / 31 )
Current win streak is 3
--------New Round--------
 960 bits bet at 1.15 x
Game [Busted] at 1.33x
You win 144 bits
---Stats---
W/L :: ( 50 / 31 )
Current win streak is 4
--------New Round--------
 979 bits bet at 1.18 x
Game [Busted] at 3.45x
You win 176 bits
---Stats---
W/L :: ( 51 / 31 )
Current win streak is 5
--------New Round--------
 999 bits bet at 1.2 x
Game [Busted] at 2.11x
You win 199 bits
---Stats---
W/L :: ( 52 / 31 )
Current win streak is 6
--------New Round--------
 1019 bits bet at 1.23 x
Game [Busted] at 15.58x
Seven win streak
Betting Reset
You win 234 bits
---Stats---
W/L :: ( 53 / 31 )
Current win streak is 7
--------New Round--------
 923 bits bet at 1.11 x
Game [Busted] at 2.28x
You win 101 bits
---Stats---
W/L :: ( 54 / 31 )
Current win streak is 8
--------New Round--------
 941 bits bet at 1.13 x
Game [Busted] at 1.72x
You win 122 bits
---Stats---
W/L :: ( 55 / 31 )
Current win streak is 9
--------New Round--------
 960 bits bet at 1.15 x
Game [Busted] at 1.29x
You win 144 bits
---Stats---
W/L :: ( 56 / 31 )
Current win streak is 10
--------New Round--------
 979 bits bet at 1.18 x
Game [Busted] at 2.06x
You win 176 bits
---Stats---
W/L :: ( 57 / 31 )
Current win streak is 11
--------New Round--------
 999 bits bet at 1.2 x
Game [Busted] at 1.12x
You lose
---Stats---
W/L :: ( 57 / 32 )
--------New Round--------
 1178 bits bet at 1.98 x
Game [Busted] at 6.05x
Betting Reset
You win 1154 bits
---Stats---
W/L :: ( 58 / 32 )
--------New Round--------
 923 bits bet at 1.11 x
Game [Busted] at 1.4x
You win 101 bits
---Stats---
W/L :: ( 59 / 32 )
Current win streak is 2
--------New Round--------
 941 bits bet at 1.13 x
Game [Busted] at 2.4x
You win 122 bits
---Stats---
W/L :: ( 60 / 32 )
Current win streak is 3
--------New Round--------
 960 bits bet at 1.15 x
Game [Busted] at 2.05x
You win 144 bits
---Stats---
W/L :: ( 61 / 32 )
Current win streak is 4
--------New Round--------
 979 bits bet at 1.18 x
Game [Busted] at 1.91x
You win 176 bits
---Stats---
W/L :: ( 62 / 32 )
Current win streak is 5
--------New Round--------
 999 bits bet at 1.2 x
Game [Busted] at 1.85x
You win 199 bits
---Stats---
W/L :: ( 63 / 32 )
Current win streak is 6
--------New Round--------
 1019 bits bet at 1.23 x
Game [Busted] at 1.93x
Seven win streak
Betting Reset
You win 234 bits
---Stats---
W/L :: ( 64 / 32 )
Current win streak is 7
--------New Round--------
 923 bits bet at 1.11 x
Game [Busted] at 2.03x
You win 101 bits
---Stats---
W/L :: ( 65 / 32 )
Current win streak is 8
--------New Round--------
 941 bits bet at 1.13 x
Game [Busted] at 1.12x
You lose
---Stats---
W/L :: ( 65 / 33 )
--------New Round--------
 1110 bits bet at 1.98 x
Game [Busted] at 2.97x
Betting Reset
You win 1087 bits
---Stats---
W/L :: ( 66 / 33 )
--------New Round--------
 923 bits bet at 1.11 x
Game [Busted] at 1.56x
You win 101 bits
---Stats---
W/L :: ( 67 / 33 )
Current win streak is 2
--------New Round--------
 941 bits bet at 1.13 x
Game [Busted] at 1.61x
You win 122 bits
---Stats---
W/L :: ( 68 / 33 )
Current win streak is 3
--------New Round--------
 960 bits bet at 1.15 x
Game [Busted] at 1.25x
You win 144 bits
---Stats---
W/L :: ( 69 / 33 )
Current win streak is 4
--------New Round--------
 979 bits bet at 1.18 x
Game [Busted] at 1.89x
You win 176 bits
---Stats---
W/L :: ( 70 / 33 )
Current win streak is 5
--------New Round--------
 999 bits bet at 1.2 x
Game [Busted] at 1.2x
You win 199 bits
---Stats---
W/L :: ( 71 / 33 )
Current win streak is 6
--------New Round--------
 1019 bits bet at 1.23 x
Game [Busted] at 62.86x
Seven win streak
Betting Reset
You win 234 bits
---Stats---
W/L :: ( 72 / 33 )
Current win streak is 7
--------New Round--------
 923 bits bet at 1.11 x
Game [Busted] at 4.77x
You win 101 bits
---Stats---
W/L :: ( 73 / 33 )
Current win streak is 8
--------New Round--------
 941 bits bet at 1.13 x
Game [Busted] at 6.35x
You win 122 bits
---Stats---
W/L :: ( 74 / 33 )
Current win streak is 9
--------New Round--------
 960 bits bet at 1.15 x
Game [Busted] at 4.02x
You win 144 bits
---Stats---
W/L :: ( 75 / 33 )
Current win streak is 10
--------New Round--------
 979 bits bet at 1.18 x
Game [Busted] at 1.12x
You lose
---Stats---
W/L :: ( 75 / 34 )
--------New Round--------
 1155 bits bet at 1.98 x
Game [Busted] at 1.3x
You lose
---Stats---
W/L :: ( 75 / 35 )
Current loss streak is 2
--------New Round--------
 1363 bits bet at 2.7 x
Game [Busted] at 1.12x
You lose
---Stats---
W/L :: ( 75 / 36 )
Current loss streak is 3
--------New Round--------
 1609 bits bet at 3.3 x
Game [Busted] at 1.81x
You lose
---Stats---
W/L :: ( 75 / 37 )
Current loss streak is 4
--------New Round--------
Cooling off. No bets this round.
Game [Busted] at 5.3x
---Stats---
W/L :: ( 75 / 37 )
Current loss streak is 4
--------New Round--------
 1899 bits bet at 3.82 x
Game [Busted] at 1.33x
You lose
---Stats---
W/L :: ( 75 / 38 )
Current loss streak is 5
--------New Round--------
Cooling off. No bets this round.
Game [Busted] at 12.46x
---Stats---
W/L :: ( 75 / 38 )
Current loss streak is 5
--------New Round--------
 2240 bits bet at 4.25 x
Game [Busted] at 2.36x
You lose
---Stats---
W/L :: ( 75 / 39 )
Current loss streak is 6
--------New Round--------
Cooling off. No bets this round.
Game [Busted] at 2.32x
---Stats---
W/L :: ( 75 / 39 )
Current loss streak is 6
--------New Round--------
 2644 bits bet at 4.62 x
Game [Busted] at 1.6x
You lose
---Stats---
W/L :: ( 75 / 40 )
Current loss streak is 7
--------New Round--------
 3120 bits bet at 4.94 x
Game [Busted] at 1.82x
You lose
---Stats---
W/L :: ( 75 / 41 )
Current loss streak is 8
--------New Round--------
 3681 bits bet at 5.21 x
Game [Busted] at 1.25x
You lose
---Stats---
W/L :: ( 75 / 42 )
Current loss streak is 9
--------New Round--------
 4344 bits bet at 5.43 x
Game [Busted] at 19.26x
Betting Reset
You win 19243 bits
---Stats---
W/L :: ( 76 / 42 )
--------New Round--------
 923 bits bet at 1.11 x
Game [Busted] at 1.41x
You win 101 bits
---Stats---
W/L :: ( 77 / 42 )
Current win streak is 2
--------New Round--------
 941 bits bet at 1.13 x
Game [Busted] at 1.77x
You win 122 bits
---Stats---
W/L :: ( 78 / 42 )
Current win streak is 3
--------New Round--------
 960 bits bet at 1.15 x
Game [Busted] at 1.99x
You win 144 bits
---Stats---
W/L :: ( 79 / 42 )
Current win streak is 4
--------New Round--------
 979 bits bet at 1.18 x
Game [Busted] at 1.2x
You win 176 bits
---Stats---
W/L :: ( 80 / 42 )
Current win streak is 5
--------New Round--------
 999 bits bet at 1.2 x
Game [Busted] at 1.4x
You win 199 bits
---Stats---
W/L :: ( 81 / 42 )
Current win streak is 6
--------New Round--------
 1019 bits bet at 1.23 x
Game [Busted] at 1.19x
You lose
---Stats---
W/L :: ( 81 / 43 )
--------New Round--------
 1202 bits bet at 1.99 x
Game [Busted] at 3.09x
Betting Reset
You win 1189 bits
---Stats---
W/L :: ( 82 / 43 )
--------New Round--------
 923 bits bet at 1.11 x
Game [Busted] at 1.83x
You win 101 bits
---Stats---
W/L :: ( 83 / 43 )
Current win streak is 2
--------New Round--------
 941 bits bet at 1.13 x
Game [Busted] at 1.51x
You win 122 bits
---Stats---
W/L :: ( 84 / 43 )
Current win streak is 3
--------New Round--------
 960 bits bet at 1.15 x
Game [Busted] at 110.47x
You win 144 bits
---Stats---
W/L :: ( 85 / 43 )
Current win streak is 4
--------New Round--------
 979 bits bet at 1.18 x
Game [Busted] at 1.65x
You win 176 bits
---Stats---
W/L :: ( 86 / 43 )
Current win streak is 5
--------New Round--------
 999 bits bet at 1.2 x
Game [Busted] at 2.04x
You win 199 bits
---Stats---
W/L :: ( 87 / 43 )
Current win streak is 6
--------New Round--------
 1019 bits bet at 1.23 x
Game [Busted] at 13.22x
Seven win streak
Betting Reset
You win 234 bits
---Stats---
W/L :: ( 88 / 43 )
Current win streak is 7
--------New Round--------
 923 bits bet at 1.11 x
Game [Busted] at 2.51x
You win 101 bits
---Stats---
W/L :: ( 89 / 43 )
Current win streak is 8
--------New Round--------
 941 bits bet at 1.13 x
Game [Busted] at 5.08x
You win 122 bits
---Stats---
W/L :: ( 90 / 43 )
Current win streak is 9
--------New Round--------
 960 bits bet at 1.15 x
Game [Busted] at 4.49x
You win 144 bits
---Stats---
W/L :: ( 91 / 43 )
Current win streak is 10
--------New Round--------
 979 bits bet at 1.18 x
Game [Busted] at 1.24x
You win 176 bits
---Stats---
W/L :: ( 92 / 43 )
Current win streak is 11
--------New Round--------
 999 bits bet at 1.2 x
Game [Busted] at 6.13x
You win 199 bits
---Stats---
W/L :: ( 93 / 43 )
Current win streak is 12
--------New Round--------
 1019 bits bet at 1.23 x
Game [Busted] at 28.26x
You win 234 bits
---Stats---
W/L :: ( 94 / 43 )
Current win streak is 13
--------New Round--------
 1039 bits bet at 1.25 x
Game [Busted] at 10.81x
Seven win streak
Betting Reset
You win 259 bits
---Stats---
W/L :: ( 95 / 43 )
Current win streak is 14
--------New Round--------
 923 bits bet at 1.11 x
Game [Busted] at 5.28x
You win 101 bits
---Stats---
W/L :: ( 96 / 43 )
Current win streak is 15
--------New Round--------
 941 bits bet at 1.13 x
Game [Busted] at 5.24x
You win 122 bits
---Stats---
W/L :: ( 97 / 43 )
Current win streak is 16
--------New Round--------
 960 bits bet at 1.15 x
Game [Busted] at 1.15x
You win 144 bits
---Stats---
W/L :: ( 98 / 43 )
Current win streak is 17
--------New Round--------
 979 bits bet at 1.18 x
Game [Busted] at 3.08x
You win 176 bits
---Stats---
W/L :: ( 99 / 43 )
Current win streak is 18
--------New Round--------
 999 bits bet at 1.2 x
Game [Busted] at 16.26x
You win 199 bits
---Stats---
W/L :: ( 100 / 43 )
Current win streak is 19
--------New Round--------
 1019 bits bet at 1.23 x
Game [Busted] at 3.32x
You win 234 bits
---Stats---
W/L :: ( 101 / 43 )
Current win streak is 20
--------New Round--------
 1039 bits bet at 1.25 x
Game [Busted] at 1x
You lose
---Stats---
W/L :: ( 101 / 44 )
--------New Round--------
 1226 bits bet at 1.98 x
Game [Busted] at 1.03x
You lose
---Stats---
W/L :: ( 101 / 45 )
Current loss streak is 2
--------New Round--------
 1447 bits bet at 2.69 x
Game [Busted] at 1.98x
You lose
---Stats---
W/L :: ( 101 / 46 )
Current loss streak is 3
--------New Round--------
 1707 bits bet at 3.29 x
Game [Busted] at 1.52x
You lose
---Stats---
W/L :: ( 101 / 47 )
Current loss streak is 4
--------New Round--------
Cooling off. No bets this round.
Game [Busted] at 1.51x
---Stats---
W/L :: ( 101 / 47 )
Current loss streak is 4
--------New Round--------
 2015 bits bet at 3.81 x
Game [Busted] at 1.3x
You lose
---Stats---
W/L :: ( 101 / 48 )
Current loss streak is 5
--------New Round--------
Cooling off. No bets this round.
Game [Busted] at 22.49x
---Stats---
W/L :: ( 101 / 48 )
Current loss streak is 5
--------New Round--------
 2378 bits bet at 4.24 x
Game [Busted] at 1.22x
You lose
---Stats---
W/L :: ( 101 / 49 )
Current loss streak is 6
--------New Round--------
Cooling off. No bets this round.
Game [Busted] at 6.09x
---Stats---
W/L :: ( 101 / 49 )
Current loss streak is 6
--------New Round--------
 2806 bits bet at 4.61 x
Game [Busted] at 1.23x
You lose
---Stats---
W/L :: ( 101 / 50 )
Current loss streak is 7
--------New Round--------
 3311 bits bet at 4.92 x
Game [Busted] at 1.01x
You lose
---Stats---
W/L :: ( 101 / 51 )
Current loss streak is 8
--------New Round--------
 3907 bits bet at 5.18 x
Game [Busted] at 14.14x
Betting Reset
You win 16331 bits
---Stats---
W/L :: ( 102 / 51 )
--------New Round--------
 923 bits bet at 1.11 x
Game [Busted] at 6.05x
You win 101 bits
---Stats---
W/L :: ( 103 / 51 )
Current win streak is 2
--------New Round--------
 941 bits bet at 1.13 x
Game [Busted] at 4.12x
You win 122 bits
---Stats---
W/L :: ( 104 / 51 )
Current win streak is 3
--------New Round--------
 960 bits bet at 1.15 x
Game [Busted] at 6.86x
You win 144 bits
---Stats---
W/L :: ( 105 / 51 )
Current win streak is 4
--------New Round--------
 979 bits bet at 1.18 x
Game [Busted] at 1.76x
You win 176 bits
---Stats---
W/L :: ( 106 / 51 )
Current win streak is 5
--------New Round--------
 999 bits bet at 1.2 x
Game [Busted] at 1.03x
You lose
---Stats---
W/L :: ( 106 / 52 )
--------New Round--------
 1178 bits bet at 1.98 x
Game [Busted] at 3.81x
Betting Reset
You win 1154 bits
---Stats---
W/L :: ( 107 / 52 )
--------New Round--------
 923 bits bet at 1.11 x
Game [Busted] at 1.22x
You win 101 bits
---Stats---
W/L :: ( 108 / 52 )
Current win streak is 2
--------New Round--------
 941 bits bet at 1.13 x
Game [Busted] at 1.87x
You win 122 bits
---Stats---
W/L :: ( 109 / 52 )
Current win streak is 3
--------New Round--------
 960 bits bet at 1.15 x
Game [Busted] at 1.61x
You win 144 bits
---Stats---
W/L :: ( 110 / 52 )
Current win streak is 4
--------New Round--------
 979 bits bet at 1.18 x
Game [Busted] at 1.03x
You lose
---Stats---
W/L :: ( 110 / 53 )
--------New Round--------
 1155 bits bet at 1.98 x
Game [Busted] at 1.18x
You lose
---Stats---
W/L :: ( 110 / 54 )
Current loss streak is 2
--------New Round--------
 1363 bits bet at 2.69 x
Game [Busted] at 1.02x
You lose
---Stats---
W/L :: ( 110 / 55 )
Current loss streak is 3
--------New Round--------
 1609 bits bet at 3.29 x
Game [Busted] at 1.46x
You lose
---Stats---
W/L :: ( 110 / 56 )
Current loss streak is 4
--------New Round--------
Cooling off. No bets this round.
Game [Busted] at 2.63x
---Stats---
W/L :: ( 110 / 56 )
Current loss streak is 4
--------New Round--------
 1899 bits bet at 3.8 x
Game [Busted] at 5.03x
Betting Reset
You win 5317 bits
---Stats---
W/L :: ( 111 / 56 )
--------New Round--------
 923 bits bet at 1.11 x
Game [Busted] at 2.48x
You win 101 bits
---Stats---
W/L :: ( 112 / 56 )
Current win streak is 2
--------New Round--------
 941 bits bet at 1.13 x
Game [Busted] at 2.37x
You win 122 bits
---Stats---
W/L :: ( 113 / 56 )
Current win streak is 3
--------New Round--------
 960 bits bet at 1.15 x
Game [Busted] at 3.96x
You win 144 bits
---Stats---
W/L :: ( 114 / 56 )
Current win streak is 4
--------New Round--------
 979 bits bet at 1.18 x
Game [Busted] at 17.96x
You win 176 bits
---Stats---
W/L :: ( 115 / 56 )
Current win streak is 5
--------New Round--------
 999 bits bet at 1.2 x
Game [Busted] at 8.82x
You win 199 bits
---Stats---
W/L :: ( 116 / 56 )
Current win streak is 6
--------New Round--------
 1019 bits bet at 1.23 x
Game [Busted] at 1.03x
You lose
---Stats---
W/L :: ( 116 / 57 )
--------New Round--------
 1202 bits bet at 1.98 x
Game [Busted] at 1.05x
You lose
---Stats---
W/L :: ( 116 / 58 )
Current loss streak is 2
--------New Round--------
 1418 bits bet at 2.69 x
Game [Busted] at 7.03x
Betting Reset
You win 2396 bits
---Stats---
W/L :: ( 117 / 58 )
--------New Round--------
 923 bits bet at 1.11 x
Game [Busted] at 3.32x
You win 101 bits
---Stats---
W/L :: ( 118 / 58 )
Current win streak is 2
--------New Round--------
 941 bits bet at 1.13 x
Game [Busted] at 3.38x
You win 122 bits
---Stats---
W/L :: ( 119 / 58 )
Current win streak is 3
--------New Round--------
 960 bits bet at 1.15 x
Game [Busted] at 1.2x
You win 144 bits
---Stats---
W/L :: ( 120 / 58 )
Current win streak is 4
--------New Round--------
 979 bits bet at 1.18 x
Game [Busted] at 5.99x
You win 176 bits
---Stats---
W/L :: ( 121 / 58 )
Current win streak is 5
--------New Round--------
 999 bits bet at 1.2 x
Game [Busted] at 2.31x
You win 199 bits
---Stats---
W/L :: ( 122 / 58 )
Current win streak is 6
--------New Round--------
 1019 bits bet at 1.23 x
Game [Busted] at 1.91x
Seven win streak
Betting Reset
You win 234 bits
---Stats---
W/L :: ( 123 / 58 )
Current win streak is 7
--------New Round--------
 923 bits bet at 1.11 x
Game [Busted] at 7.48x
You win 101 bits
---Stats---
W/L :: ( 124 / 58 )
Current win streak is 8
--------New Round--------
 941 bits bet at 1.13 x
Game [Busted] at 2.96x
You win 122 bits
---Stats---
W/L :: ( 125 / 58 )
Current win streak is 9
--------New Round--------
 960 bits bet at 1.15 x
Game [Busted] at 2.39x
You win 144 bits
---Stats---
W/L :: ( 126 / 58 )
Current win streak is 10
--------New Round--------
 979 bits bet at 1.18 x
Game [Busted] at 1.48x
You win 176 bits
---Stats---
W/L :: ( 127 / 58 )
Current win streak is 11
--------New Round--------
 999 bits bet at 1.2 x
Game [Busted] at 1.05x
You lose
---Stats---
W/L :: ( 127 / 59 )
--------New Round--------
 1178 bits bet at 1.98 x
Game [Busted] at 1.12x
You lose
---Stats---
W/L :: ( 127 / 60 )
Current loss streak is 2
--------New Round--------
 1391 bits bet at 2.7 x
Game [Busted] at 2.65x
You lose
---Stats---
W/L :: ( 127 / 61 )
Current loss streak is 3
--------New Round--------
 1641 bits bet at 3.31 x
Game [Busted] at 16.89x
Betting Reset
You win 3790 bits
---Stats---
W/L :: ( 128 / 61 )
--------New Round--------
 923 bits bet at 1.11 x
Game [Busted] at 4.18x
You win 101 bits
---Stats---
W/L :: ( 129 / 61 )
Current win streak is 2
--------New Round--------
 941 bits bet at 1.13 x
Game [Busted] at 5.87x
You win 122 bits
---Stats---
W/L :: ( 130 / 61 )
Current win streak is 3
--------New Round--------
 960 bits bet at 1.15 x
Game [Busted] at 3.27x
You win 144 bits
---Stats---
W/L :: ( 131 / 61 )
Current win streak is 4
--------New Round--------
 979 bits bet at 1.18 x
Game [Busted] at 1.94x
You win 176 bits
---Stats---
W/L :: ( 132 / 61 )
Current win streak is 5
--------New Round--------
 999 bits bet at 1.2 x
Game [Busted] at 2.83x
You win 199 bits
---Stats---
W/L :: ( 133 / 61 )
Current win streak is 6
--------New Round--------
 1019 bits bet at 1.23 x
Game [Busted] at 6.63x
Seven win streak
Betting Reset
You win 234 bits
---Stats---
W/L :: ( 134 / 61 )
Current win streak is 7
--------New Round--------
 923 bits bet at 1.11 x
Game [Busted] at 1.41x
You win 101 bits
---Stats---
W/L :: ( 135 / 61 )
Current win streak is 8
--------New Round--------
 941 bits bet at 1.13 x
Game [Busted] at 1.83x
You win 122 bits
---Stats---
W/L :: ( 136 / 61 )
Current win streak is 9
--------New Round--------
 960 bits bet at 1.15 x
Game [Busted] at 1.12x
You lose
---Stats---
W/L :: ( 136 / 62 )
--------New Round--------
 1133 bits bet at 1.99 x
Game [Busted] at 4.72x
Betting Reset
You win 1121 bits
---Stats---
W/L :: ( 137 / 62 )
--------New Round--------
 923 bits bet at 1.11 x
Game [Busted] at 9.19x
You win 101 bits
---Stats---
W/L :: ( 138 / 62 )
Current win streak is 2
--------New Round--------
//
